<?xml version="1.0" encoding="UTF-8"?>
<!-- Generated by org.testng.reporters.JUnitXMLReporter -->
<testsuite ignored="0" hostname="DESKTOP-Q55EH8A" failures="0" tests="6" name="Test" time="0.074" errors="0" timestamp="2022-07-10T13:31:39 IST">
  <testcase classname="academy.RestAPITest" name="deleteTwitter" time="0.009"/>
  <testcase classname="academy.RestAPITest" name="postJira" time="0.002"/>
  <testcase classname="academy.SeleniumTest" name="BrowserAutomation" time="0.006"/>
  <testcase classname="academy.SeleniumTest" name="elementsUI" time="0.001"/>
  <testcase classname="academy.AppiumTest" name="IOSApps" time="0.001"/>
  <testcase classname="academy.AppiumTest" name="NativeAppAndroid" time="0.001"/>
</testsuite> <!-- Test -->
