<?xml version="1.0" encoding="UTF-8"?>
<testng-results ignored="0" total="6" passed="6" failed="0" skipped="0">
  <reporter-output>
  </reporter-output>
  <suite started-at="2022-07-10T13:32:49 IST" name="Command line suite" finished-at="2022-07-10T13:32:49 IST" duration-ms="41">
    <groups>
    </groups>
    <test started-at="2022-07-10T13:32:49 IST" name="Command line test" finished-at="2022-07-10T13:32:49 IST" duration-ms="41">
      <class name="academy.AppiumTest">
        <test-method signature="IOSApps()[pri:0, instance:academy.AppiumTest@27c6e487]" started-at="2022-07-10T13:32:49 IST" name="IOSApps" finished-at="2022-07-10T13:32:49 IST" duration-ms="4" status="PASS">
          <reporter-output>
          </reporter-output>
        </test-method> <!-- IOSApps -->
        <test-method signature="NativeAppAndroid()[pri:0, instance:academy.AppiumTest@27c6e487]" started-at="2022-07-10T13:32:49 IST" name="NativeAppAndroid" finished-at="2022-07-10T13:32:49 IST" duration-ms="0" status="PASS">
          <reporter-output>
          </reporter-output>
        </test-method> <!-- NativeAppAndroid -->
      </class> <!-- academy.AppiumTest -->
      <class name="academy.RestAPITest">
        <test-method signature="deleteTwitter()[pri:0, instance:academy.RestAPITest@516be40f]" started-at="2022-07-10T13:32:49 IST" name="deleteTwitter" finished-at="2022-07-10T13:32:49 IST" duration-ms="1" status="PASS">
          <reporter-output>
          </reporter-output>
        </test-method> <!-- deleteTwitter -->
        <test-method signature="postJira()[pri:0, instance:academy.RestAPITest@516be40f]" started-at="2022-07-10T13:32:49 IST" name="postJira" finished-at="2022-07-10T13:32:49 IST" duration-ms="0" status="PASS">
          <reporter-output>
          </reporter-output>
        </test-method> <!-- postJira -->
      </class> <!-- academy.RestAPITest -->
      <class name="academy.SeleniumTest">
        <test-method signature="BrowserAutomation()[pri:0, instance:academy.SeleniumTest@3c0a50da]" started-at="2022-07-10T13:32:49 IST" name="BrowserAutomation" finished-at="2022-07-10T13:32:49 IST" duration-ms="1" status="PASS">
          <reporter-output>
          </reporter-output>
        </test-method> <!-- BrowserAutomation -->
        <test-method signature="elementsUI()[pri:0, instance:academy.SeleniumTest@3c0a50da]" started-at="2022-07-10T13:32:49 IST" name="elementsUI" finished-at="2022-07-10T13:32:49 IST" duration-ms="0" status="PASS">
          <reporter-output>
          </reporter-output>
        </test-method> <!-- elementsUI -->
      </class> <!-- academy.SeleniumTest -->
    </test> <!-- Command line test -->
  </suite> <!-- Command line suite -->
</testng-results>
