<?xml version="1.0" encoding="UTF-8"?>
<testng-results ignored="0" total="6" passed="6" failed="0" skipped="0">
  <reporter-output>
  </reporter-output>
  <suite started-at="2022-07-10T13:31:39 IST" name="Suite" finished-at="2022-07-10T13:31:39 IST" duration-ms="74">
    <groups>
    </groups>
    <test started-at="2022-07-10T13:31:39 IST" name="Test" finished-at="2022-07-10T13:31:39 IST" duration-ms="74">
      <class name="academy.AppiumTest">
        <test-method signature="IOSApps()[pri:0, instance:academy.AppiumTest@4f18837a]" started-at="2022-07-10T13:31:39 IST" name="IOSApps" finished-at="2022-07-10T13:31:39 IST" duration-ms="1" status="PASS">
          <reporter-output>
          </reporter-output>
        </test-method> <!-- IOSApps -->
        <test-method signature="NativeAppAndroid()[pri:0, instance:academy.AppiumTest@4f18837a]" started-at="2022-07-10T13:31:39 IST" name="NativeAppAndroid" finished-at="2022-07-10T13:31:39 IST" duration-ms="1" status="PASS">
          <reporter-output>
          </reporter-output>
        </test-method> <!-- NativeAppAndroid -->
      </class> <!-- academy.AppiumTest -->
      <class name="academy.RestAPITest">
        <test-method signature="deleteTwitter()[pri:0, instance:academy.RestAPITest@15ff3e9e]" started-at="2022-07-10T13:31:39 IST" name="deleteTwitter" finished-at="2022-07-10T13:31:39 IST" duration-ms="9" status="PASS">
          <reporter-output>
          </reporter-output>
        </test-method> <!-- deleteTwitter -->
        <test-method signature="postJira()[pri:0, instance:academy.RestAPITest@15ff3e9e]" started-at="2022-07-10T13:31:39 IST" name="postJira" finished-at="2022-07-10T13:31:39 IST" duration-ms="2" status="PASS">
          <reporter-output>
          </reporter-output>
        </test-method> <!-- postJira -->
      </class> <!-- academy.RestAPITest -->
      <class name="academy.SeleniumTest">
        <test-method signature="BrowserAutomation()[pri:0, instance:academy.SeleniumTest@6356695f]" started-at="2022-07-10T13:31:39 IST" name="BrowserAutomation" finished-at="2022-07-10T13:31:39 IST" duration-ms="6" status="PASS">
          <reporter-output>
          </reporter-output>
        </test-method> <!-- BrowserAutomation -->
        <test-method signature="elementsUI()[pri:0, instance:academy.SeleniumTest@6356695f]" started-at="2022-07-10T13:31:39 IST" name="elementsUI" finished-at="2022-07-10T13:31:39 IST" duration-ms="1" status="PASS">
          <reporter-output>
          </reporter-output>
        </test-method> <!-- elementsUI -->
      </class> <!-- academy.SeleniumTest -->
    </test> <!-- Test -->
  </suite> <!-- Suite -->
</testng-results>
